<?xml version="1.0" encoding="UTF-8"?>
<!-- Generated by org.testng.reporters.JUnitXMLReporter -->
<testsuite ignored="0" hostname="BLR1-LMAC-N60826.local" failures="0" tests="1" name="Default test" time="0.036" errors="0" timestamp="2021-02-23T19:25:15 IST">
  <testcase classname="core.DriverBase" name="@BeforeMethod setUp" time="-1.614088514846E9">
    <failure type="org.testng.TestNGException" message="
Parameter &amp;apos;PlatformName&amp;apos; is required by BeforeMethod on method setUp but has not been marked @Optional or defined
in /private/var/folders/sb/2dqcb9nj3qx84kwth2tjy_0c0000gp/T/testng-eclipse--1483884716/testng-customsuite.xml">
      <![CDATA[org.testng.TestNGException: 
Parameter 'PlatformName' is required by BeforeMethod on method setUp but has not been marked @Optional or defined
in /private/var/folders/sb/2dqcb9nj3qx84kwth2tjy_0c0000gp/T/testng-eclipse--1483884716/testng-customsuite.xml
at org.testng.internal.Parameters.createParams(Parameters.java:268)
at org.testng.internal.Parameters.createParametersForMethod(Parameters.java:356)
at org.testng.internal.Parameters.createParameters(Parameters.java:700)
at org.testng.internal.Parameters.createConfigurationParameters(Parameters.java:166)
at org.testng.internal.ConfigInvoker.invokeConfigurations(ConfigInvoker.java:301)
at org.testng.internal.TestInvoker.runConfigMethods(TestInvoker.java:701)
at org.testng.internal.TestInvoker.invokeMethod(TestInvoker.java:527)
at org.testng.internal.TestInvoker.invokeTestMethod(TestInvoker.java:174)
at org.testng.internal.MethodRunner.runInSequence(MethodRunner.java:46)
at org.testng.internal.TestInvoker$MethodInvocationAgent.invoke(TestInvoker.java:822)
at org.testng.internal.TestInvoker.invokeTestMethods(TestInvoker.java:147)
at org.testng.internal.TestMethodWorker.invokeTestMethods(TestMethodWorker.java:146)
at org.testng.internal.TestMethodWorker.run(TestMethodWorker.java:128)
at java.base/java.util.ArrayList.forEach(ArrayList.java:1511)
at org.testng.TestRunner.privateRun(TestRunner.java:764)
at org.testng.TestRunner.run(TestRunner.java:585)
at org.testng.SuiteRunner.runTest(SuiteRunner.java:384)
at org.testng.SuiteRunner.runSequentially(SuiteRunner.java:378)
at org.testng.SuiteRunner.privateRun(SuiteRunner.java:337)
at org.testng.SuiteRunner.run(SuiteRunner.java:286)
at org.testng.SuiteRunnerWorker.runSuite(SuiteRunnerWorker.java:53)
at org.testng.SuiteRunnerWorker.run(SuiteRunnerWorker.java:96)
at org.testng.TestNG.runSuitesSequentially(TestNG.java:1218)
at org.testng.TestNG.runSuitesLocally(TestNG.java:1140)
at org.testng.TestNG.runSuites(TestNG.java:1069)
at org.testng.TestNG.run(TestNG.java:1037)
at org.testng.remote.AbstractRemoteTestNG.run(AbstractRemoteTestNG.java:115)
at org.testng.remote.RemoteTestNG.initAndRun(RemoteTestNG.java:251)
at org.testng.remote.RemoteTestNG.main(RemoteTestNG.java:77)
]]>
    </failure>
  </testcase> <!-- @BeforeMethod setUp -->
  <testcase classname="core.DriverBase" name="@AfterMethod tearDown" time="-1.614088514857E9">
    <skipped/>
  </testcase> <!-- @AfterMethod tearDown -->
  <testcase classname="kaplan_tests.ListDemoTest" name="list" time="0.0">
    <skipped/>
  </testcase> <!-- list -->
</testsuite> <!-- Default test -->
